0 verbose cli /usr/local/bin/node /usr/local/lib/node_modules/npm/bin/npm-cli.js
1 info using npm@10.9.2
2 info using node@v23.11.1
3 silly config load:file:/usr/local/lib/node_modules/npm/npmrc
4 silly config load:file:/Users/qidianyun/Documents/company/myApp/.npmrc
5 silly config load:file:/Users/qidianyun/.npmrc
6 silly config load:file:/usr/local/etc/npmrc
7 verbose title npm exec @tarojs/cli@3.6.38 init --help
8 verbose argv "exec" "--" "@tarojs/cli@3.6.38" "init" "--help"
9 verbose logfile logs-max:10 dir:/Users/qidianyun/Documents/company/myApp/.npm-cache/_logs/2026-03-26T09_05_23_714Z-
10 verbose logfile /Users/qidianyun/Documents/company/myApp/.npm-cache/_logs/2026-03-26T09_05_23_714Z-debug-0.log
11 silly logfile done cleaning log files
12 silly packumentCache heap:4345298944 maxSize:1086324736 maxEntrySize:543162368
13 http fetch GET 200 https://registry.npmmirror.com/@tarojs%2fcli 278ms (cache revalidated)
14 silly packumentCache heap:4345298944 maxSize:1086324736 maxEntrySize:543162368
15 silly packumentCache heap:4345298944 maxSize:1086324736 maxEntrySize:543162368
16 verbose cwd /Users/qidianyun/Documents/company/myApp
17 verbose os Darwin 24.3.0
18 verbose node v23.11.1
19 verbose npm  v10.9.2
20 verbose exit 0
21 info ok
