0 verbose cli /usr/local/bin/node /usr/local/bin/npm
1 info using npm@10.9.2
2 info using node@v23.11.1
3 silly config load:file:/usr/local/lib/node_modules/npm/npmrc
4 silly config load:file:/Users/qidianyun/Documents/company/myApp/.npmrc
5 silly config load:file:/Users/qidianyun/.npmrc
6 silly config load:file:/usr/local/etc/npmrc
7 verbose title npm create taro@latest --help
8 verbose argv "create" "taro@latest" "--" "--help"
9 verbose logfile logs-max:10 dir:/Users/qidianyun/Documents/company/myApp/.npm-cache/_logs/2026-03-26T09_07_21_379Z-
10 verbose logfile /Users/qidianyun/Documents/company/myApp/.npm-cache/_logs/2026-03-26T09_07_21_379Z-debug-0.log
11 silly logfile done cleaning log files
12 silly packumentCache heap:4345298944 maxSize:1086324736 maxEntrySize:543162368
13 http fetch GET 200 https://registry.npmmirror.com/create-taro 350ms (cache miss)
14 verbose type tag
15 verbose stack create-taro: No matching version found for create-taro@latest.
15 verbose stack     at module.exports (/usr/local/lib/node_modules/npm/node_modules/npm-pick-manifest/lib/index.js:215:23)
15 verbose stack     at RegistryFetcher.manifest (/usr/local/lib/node_modules/npm/node_modules/pacote/lib/registry.js:130:54)
15 verbose stack     at async getManifest (/usr/local/lib/node_modules/npm/node_modules/libnpmexec/lib/index.js:27:22)
15 verbose stack     at async missingFromTree (/usr/local/lib/node_modules/npm/node_modules/libnpmexec/lib/index.js:65:22)
15 verbose stack     at async /usr/local/lib/node_modules/npm/node_modules/libnpmexec/lib/index.js:182:32
15 verbose stack     at async Promise.all (index 0)
15 verbose stack     at async exec (/usr/local/lib/node_modules/npm/node_modules/libnpmexec/lib/index.js:180:3)
15 verbose stack     at async Init.execCreate (/usr/local/lib/node_modules/npm/lib/commands/init.js:135:5)
15 verbose stack     at async Init.exec (/usr/local/lib/node_modules/npm/lib/commands/init.js:44:14)
15 verbose stack     at async Npm.exec (/usr/local/lib/node_modules/npm/lib/npm.js:207:9)
16 error code ETARGET
17 error notarget No matching version found for create-taro@latest.
18 error notarget In most cases you or one of your dependencies are requesting
18 error notarget a package version that doesn't exist.
19 verbose cwd /Users/qidianyun/Documents/company/myApp
20 verbose os Darwin 24.3.0
21 verbose node v23.11.1
22 verbose npm  v10.9.2
23 verbose exit 1
24 verbose code 1
25 error A complete log of this run can be found in: /Users/qidianyun/Documents/company/myApp/.npm-cache/_logs/2026-03-26T09_07_21_379Z-debug-0.log
